Run 'exp6_chroma_mlp_scaled' starting — loading data...
Training log file: ../assignment_6/outputs/chroma_runs/exp6_chroma_mlp_scaled.log
Loaded 8969 chunks with cached chroma from /Users/zach.walton/Dev/shule/cs6320/beatport/datasets/clip_15s/features/key_chroma
=== Device detection ===
  CUDA available: False
  MPS (Apple Metal GPU) available: True
  Selected device: mps
Fitted StandardScaler on train split (6285 rows): mean range [0.172, 0.542]  scale range [0.066, 0.208]
Device=mps  batch_size=64  hidden_dim=64  train=6285 (99 batches/epoch)  val=1350 (22 batches)  test=1334  classes=24  input_dim=24  batch_log_interval=0  eval_log_interval=0
Training for up to 30 epochs (patience=8)
Epoch 1/30 — training (99 batches)
Epoch 1/30 — train done  mean_loss=2.7275  elapsed=13.6s
Epoch 1/30 — train  loss=2.1814  acc=0.396  macro_f1=0.368  elapsed=13.4s
Epoch 1/30 — evaluating val (22 batches)
Epoch 1/30 — val  loss=2.3282  acc=0.347  macro_f1=0.299  elapsed=12.9s
=== Epoch 1/30 summary ===  train_loss=2.1814  val_loss=2.3282  train_acc=0.396  val_acc=0.347  val_f1=0.299  best_val=yes  no_improve=0/8
Epoch 2/30 — training (99 batches)
Epoch 2/30 — train done  mean_loss=1.9458  elapsed=13.3s
Epoch 2/30 — train  loss=1.7447  acc=0.465  macro_f1=0.445  elapsed=13.3s
Epoch 2/30 — evaluating val (22 batches)
Epoch 2/30 — val  loss=2.0578  acc=0.417  macro_f1=0.374  elapsed=12.8s
=== Epoch 2/30 summary ===  train_loss=1.7447  val_loss=2.0578  train_acc=0.465  val_acc=0.417  val_f1=0.374  best_val=yes  no_improve=0/8
Epoch 3/30 — training (99 batches)
Epoch 3/30 — train done  mean_loss=1.6982  elapsed=13.4s
Epoch 3/30 — train  loss=1.6039  acc=0.493  macro_f1=0.480  elapsed=13.3s
Epoch 3/30 — evaluating val (22 batches)
Epoch 3/30 — val  loss=1.9944  acc=0.426  macro_f1=0.388  elapsed=12.8s
=== Epoch 3/30 summary ===  train_loss=1.6039  val_loss=1.9944  train_acc=0.493  val_acc=0.426  val_f1=0.388  best_val=yes  no_improve=0/8
Epoch 4/30 — training (99 batches)
Epoch 4/30 — train done  mean_loss=1.5978  elapsed=13.3s
Epoch 4/30 — train  loss=1.5281  acc=0.510  macro_f1=0.491  elapsed=13.3s
Epoch 4/30 — evaluating val (22 batches)
Epoch 4/30 — val  loss=2.0479  acc=0.417  macro_f1=0.368  elapsed=12.8s
=== Epoch 4/30 summary ===  train_loss=1.5281  val_loss=2.0479  train_acc=0.510  val_acc=0.417  val_f1=0.368  best_val=no  no_improve=1/8
Epoch 5/30 — training (99 batches)
Epoch 5/30 — train done  mean_loss=1.5238  elapsed=13.3s
Epoch 5/30 — train  loss=1.4578  acc=0.531  macro_f1=0.520  elapsed=13.4s
Epoch 5/30 — evaluating val (22 batches)
Epoch 5/30 — val  loss=2.0607  acc=0.411  macro_f1=0.371  elapsed=12.8s
=== Epoch 5/30 summary ===  train_loss=1.4578  val_loss=2.0607  train_acc=0.531  val_acc=0.411  val_f1=0.371  best_val=no  no_improve=2/8
Epoch 6/30 — training (99 batches)
Epoch 6/30 — train done  mean_loss=1.4670  elapsed=13.3s
Epoch 6/30 — train  loss=1.4029  acc=0.536  macro_f1=0.526  elapsed=13.3s
Epoch 6/30 — evaluating val (22 batches)
Epoch 6/30 — val  loss=2.0801  acc=0.405  macro_f1=0.365  elapsed=12.8s
=== Epoch 6/30 summary ===  train_loss=1.4029  val_loss=2.0801  train_acc=0.536  val_acc=0.405  val_f1=0.365  best_val=no  no_improve=3/8
Epoch 7/30 — training (99 batches)
Epoch 7/30 — train done  mean_loss=1.4077  elapsed=13.3s
Epoch 7/30 — train  loss=1.3515  acc=0.562  macro_f1=0.551  elapsed=13.3s
Epoch 7/30 — evaluating val (22 batches)
Epoch 7/30 — val  loss=2.1039  acc=0.420  macro_f1=0.377  elapsed=12.8s
=== Epoch 7/30 summary ===  train_loss=1.3515  val_loss=2.1039  train_acc=0.562  val_acc=0.420  val_f1=0.377  best_val=no  no_improve=4/8
Epoch 8/30 — training (99 batches)
Epoch 8/30 — train done  mean_loss=1.3733  elapsed=13.3s
Epoch 8/30 — train  loss=1.3124  acc=0.559  macro_f1=0.557  elapsed=13.3s
Epoch 8/30 — evaluating val (22 batches)
Epoch 8/30 — val  loss=2.1035  acc=0.396  macro_f1=0.365  elapsed=12.8s
=== Epoch 8/30 summary ===  train_loss=1.3124  val_loss=2.1035  train_acc=0.559  val_acc=0.396  val_f1=0.365  best_val=no  no_improve=5/8
Epoch 9/30 — training (99 batches)
Epoch 9/30 — train done  mean_loss=1.3247  elapsed=13.4s
Epoch 9/30 — train  loss=1.2856  acc=0.579  macro_f1=0.573  elapsed=13.3s
Epoch 9/30 — evaluating val (22 batches)
Epoch 9/30 — val  loss=2.1187  acc=0.418  macro_f1=0.375  elapsed=12.8s
=== Epoch 9/30 summary ===  train_loss=1.2856  val_loss=2.1187  train_acc=0.579  val_acc=0.418  val_f1=0.375  best_val=no  no_improve=6/8
Epoch 10/30 — training (99 batches)
Epoch 10/30 — train done  mean_loss=1.3000  elapsed=13.3s
Epoch 10/30 — train  loss=1.2381  acc=0.588  macro_f1=0.586  elapsed=13.3s
Epoch 10/30 — evaluating val (22 batches)
Epoch 10/30 — val  loss=2.2181  acc=0.410  macro_f1=0.368  elapsed=12.8s
=== Epoch 10/30 summary ===  train_loss=1.2381  val_loss=2.2181  train_acc=0.588  val_acc=0.410  val_f1=0.368  best_val=no  no_improve=7/8
Epoch 11/30 — training (99 batches)
Epoch 11/30 — train done  mean_loss=1.2596  elapsed=13.3s
Epoch 11/30 — train  loss=1.2056  acc=0.595  macro_f1=0.591  elapsed=13.3s
Epoch 11/30 — evaluating val (22 batches)
Epoch 11/30 — val  loss=2.2254  acc=0.401  macro_f1=0.365  elapsed=12.8s
=== Epoch 11/30 summary ===  train_loss=1.2056  val_loss=2.2254  train_acc=0.595  val_acc=0.401  val_f1=0.365  best_val=no  no_improve=8/8
Early stopping at epoch 11
Wrote ../assignment_6/outputs/chroma_runs/exp6_chroma_mlp_scaled_checkpoint.pt
Evaluating test split with best val checkpoint...
Epoch 30/30 — evaluating test (21 batches)
Epoch 30/30 — test  loss=2.0855  acc=0.347  macro_f1=0.309  elapsed=12.8s
Wrote ../assignment_6/outputs/chroma_runs/exp6_chroma_mlp_scaled_history.csv
Wrote ../assignment_6/outputs/chroma_runs/exp6_chroma_mlp_scaled_metadata.json
Wrote ../assignment_6/outputs/chroma_runs/exp6_chroma_mlp_scaled.log
Done in 447.2s — test acc=0.347 macro_f1=0.309 loss=2.085
