Run 'exp_rich_chroma_mlp' starting — loading data...
Training log file: /Users/zach.walton/Dev/shule/cs6320/assignment_6/outputs/chroma_rich/mlp_runs/exp_rich_chroma_mlp.log
Loaded 8969 chunks with cached chroma from /Users/zach.walton/Dev/shule/cs6320/beatport/datasets/clip_15s/features/key_chroma_rich
=== Device detection ===
  CUDA available: False
  MPS (Apple Metal GPU) available: True
  Selected device: mps
Fitted StandardScaler on train split (6285 rows): mean range [-0.072, 0.542]  scale range [0.066, 0.292]
Device=mps  batch_size=64  hidden_dim=128  train=6285 (99 batches/epoch)  val=1350 (22 batches)  test=1334  classes=24  input_dim=84  feature_variant=rich  batch_log_interval=0  eval_log_interval=0
Training for up to 30 epochs (patience=8)
Epoch 1/30 — training (99 batches)
Epoch 1/30 — train done  mean_loss=2.1023  elapsed=13.9s
Epoch 1/30 — train  loss=1.6210  acc=0.466  macro_f1=0.449  elapsed=13.5s
Epoch 1/30 — evaluating val (22 batches)
Epoch 1/30 — val  loss=2.0728  acc=0.379  macro_f1=0.341  elapsed=13.0s
=== Epoch 1/30 summary ===  train_loss=1.6210  val_loss=2.0728  train_acc=0.466  val_acc=0.379  val_f1=0.341  best_val=yes  no_improve=0/8
Epoch 2/30 — training (99 batches)
Epoch 2/30 — train done  mean_loss=1.5951  elapsed=13.5s
Epoch 2/30 — train  loss=1.4279  acc=0.521  macro_f1=0.511  elapsed=13.5s
Epoch 2/30 — evaluating val (22 batches)
Epoch 2/30 — val  loss=2.1019  acc=0.375  macro_f1=0.342  elapsed=12.9s
=== Epoch 2/30 summary ===  train_loss=1.4279  val_loss=2.1019  train_acc=0.521  val_acc=0.375  val_f1=0.342  best_val=no  no_improve=1/8
Epoch 3/30 — training (99 batches)
Epoch 3/30 — train done  mean_loss=1.4376  elapsed=13.4s
Epoch 3/30 — train  loss=1.2874  acc=0.559  macro_f1=0.558  elapsed=13.4s
Epoch 3/30 — evaluating val (22 batches)
Epoch 3/30 — val  loss=2.1348  acc=0.377  macro_f1=0.343  elapsed=12.8s
=== Epoch 3/30 summary ===  train_loss=1.2874  val_loss=2.1348  train_acc=0.559  val_acc=0.377  val_f1=0.343  best_val=no  no_improve=2/8
Epoch 4/30 — training (99 batches)
Epoch 4/30 — train done  mean_loss=1.2981  elapsed=13.4s
Epoch 4/30 — train  loss=1.1755  acc=0.608  macro_f1=0.601  elapsed=13.4s
Epoch 4/30 — evaluating val (22 batches)
Epoch 4/30 — val  loss=2.2244  acc=0.396  macro_f1=0.350  elapsed=12.8s
=== Epoch 4/30 summary ===  train_loss=1.1755  val_loss=2.2244  train_acc=0.608  val_acc=0.396  val_f1=0.350  best_val=no  no_improve=3/8
Epoch 5/30 — training (99 batches)
Epoch 5/30 — train done  mean_loss=1.2040  elapsed=13.3s
Epoch 5/30 — train  loss=1.0647  acc=0.634  macro_f1=0.632  elapsed=13.4s
Epoch 5/30 — evaluating val (22 batches)
Epoch 5/30 — val  loss=2.3201  acc=0.385  macro_f1=0.354  elapsed=12.8s
=== Epoch 5/30 summary ===  train_loss=1.0647  val_loss=2.3201  train_acc=0.634  val_acc=0.385  val_f1=0.354  best_val=no  no_improve=4/8
Epoch 6/30 — training (99 batches)
Epoch 6/30 — train done  mean_loss=1.0958  elapsed=13.3s
Epoch 6/30 — train  loss=0.9838  acc=0.661  macro_f1=0.660  elapsed=13.3s
Epoch 6/30 — evaluating val (22 batches)
Epoch 6/30 — val  loss=2.4077  acc=0.387  macro_f1=0.360  elapsed=12.8s
=== Epoch 6/30 summary ===  train_loss=0.9838  val_loss=2.4077  train_acc=0.661  val_acc=0.387  val_f1=0.360  best_val=no  no_improve=5/8
Epoch 7/30 — training (99 batches)
Epoch 7/30 — train done  mean_loss=1.0165  elapsed=13.3s
Epoch 7/30 — train  loss=0.9285  acc=0.676  macro_f1=0.680  elapsed=13.4s
Epoch 7/30 — evaluating val (22 batches)
Epoch 7/30 — val  loss=2.4196  acc=0.378  macro_f1=0.342  elapsed=12.8s
=== Epoch 7/30 summary ===  train_loss=0.9285  val_loss=2.4196  train_acc=0.676  val_acc=0.378  val_f1=0.342  best_val=no  no_improve=6/8
Epoch 8/30 — training (99 batches)
Epoch 8/30 — train done  mean_loss=0.9395  elapsed=13.3s
Epoch 8/30 — train  loss=0.8297  acc=0.706  macro_f1=0.711  elapsed=13.3s
Epoch 8/30 — evaluating val (22 batches)
Epoch 8/30 — val  loss=2.5102  acc=0.389  macro_f1=0.361  elapsed=12.8s
=== Epoch 8/30 summary ===  train_loss=0.8297  val_loss=2.5102  train_acc=0.706  val_acc=0.389  val_f1=0.361  best_val=no  no_improve=7/8
Epoch 9/30 — training (99 batches)
Epoch 9/30 — train done  mean_loss=0.8950  elapsed=13.3s
Epoch 9/30 — train  loss=0.8153  acc=0.702  macro_f1=0.704  elapsed=13.4s
Epoch 9/30 — evaluating val (22 batches)
Epoch 9/30 — val  loss=2.7227  acc=0.354  macro_f1=0.334  elapsed=12.8s
=== Epoch 9/30 summary ===  train_loss=0.8153  val_loss=2.7227  train_acc=0.702  val_acc=0.354  val_f1=0.334  best_val=no  no_improve=8/8
Early stopping at epoch 9
Wrote /Users/zach.walton/Dev/shule/cs6320/assignment_6/outputs/chroma_rich/mlp_runs/exp_rich_chroma_mlp_checkpoint.pt
Evaluating test split with best val checkpoint...
Epoch 30/30 — evaluating test (21 batches)
Epoch 30/30 — test  loss=2.0149  acc=0.352  macro_f1=0.321  elapsed=12.8s
Wrote /Users/zach.walton/Dev/shule/cs6320/assignment_6/outputs/chroma_rich/mlp_runs/exp_rich_chroma_mlp_history.csv
Wrote /Users/zach.walton/Dev/shule/cs6320/assignment_6/outputs/chroma_rich/mlp_runs/exp_rich_chroma_mlp_metadata.json
Wrote /Users/zach.walton/Dev/shule/cs6320/assignment_6/outputs/chroma_rich/mlp_runs/exp_rich_chroma_mlp.log
Done in 369.7s — test acc=0.352 macro_f1=0.321 loss=2.015
